Scaffolds_0	2080469	959	Scaffolds_0	CP028425.1	79.349	1443	239	38	155484	156896	422296	420883	0.0
Scaffolds_3	10224	189	Scaffolds_3	XM_006822738.1	86.207	174	24	0	44369	44542	4716	4889	4.10e-41
Scaffolds_4	1826607	1548	Scaffolds_4	CP034588.1	77.662	2677	508	79	39350	41977	2464105	2461470	0.0
Scaffolds_7	54374	154	Scaffolds_7	XM_010186828.1	81.720	186	33	1	147900	148084	696	511	4.99e-30
Scaffolds_8	64571	361	Scaffolds_8	XM_022022642.1	74.023	947	218	25	208406	209333	1319	382	7.46e-92
Scaffolds_9	7604	159	Scaffolds_9	LR699098.1	97.826	92	2	0	348121	348212	842276	842367	1.01e-31
Scaffolds_10	463342	23556	Scaffolds_10	LR877180.1	100.000	12756	0	0	4402	17157	19333	6578	0.0
Scaffolds_14	77133	2100	Scaffolds_14	JX206595.1	92.906	1466	71	30	281371	282807	1	1462	0.0
Scaffolds_16	2560053	174	Scaffolds_16	CP038439.1	74.755	408	93	6	69983	70385	79166	78764	8.53e-37
Scaffolds_20	2202148	1408	Scaffolds_20	CP029352.1	83.735	1537	201	40	129141	130653	1095033	1096544	0.0
Scaffolds_22	55567	285	Scaffolds_22	DQ414554.1	77.963	481	88	17	1602058	1602529	108	579	8.76e-69
Scaffolds_23	55567	1088	Scaffolds_23	AJ550806.1	87.238	956	120	2	2439157	2440110	353	1308	0.0
Scaffolds_24	2605946	2060	Scaffolds_24	CP027665.1	74.819	4972	1050	172	34546	39422	1012125	1007261	0.0
Scaffolds_28	6412	270	Scaffolds_28	XM_009029727.1	79.328	387	78	2	175017	175402	911	526	1.06e-64
Scaffolds_31	163232	2394	Scaffolds_31	AB511881.1	89.931	1877	161	27	52393	54247	6471	4601	0.0
Scaffolds_37	1250539	5269	Scaffolds_37	CP015092.1	79.623	7474	1419	90	235777	243194	110092	102667	0.0
Scaffolds_39	1906738	2152	Scaffolds_39	CP017718.1	77.963	3594	686	94	18644	22159	3367433	3370998	0.0
Scaffolds_40	8364	193	Scaffolds_40	NM_001017166.2	74.255	470	115	6	241980	242446	124	590	1.59e-41
Scaffolds_43	45351	193	Scaffolds_43	XM_032382054.1	93.182	132	7	1	19662	19793	969	840	6.39e-42
Scaffolds_44	474205	195	Scaffolds_44	JQ001302.1	82.667	225	33	6	246732	246953	1191	1412	5.90e-42
Scaffolds_49	1906738	16214	Scaffolds_49	CP017718.1	81.794	19862	3149	397	6356	25846	1200781	1220546	0.0
Scaffolds_53	400682	407	Scaffolds_53	XM_011411546.2	89.873	316	32	0	702293	702608	389	74	5.85e-106
Scaffolds_54	2686361	1064	Scaffolds_54	CP047026.1	80.680	1382	258	8	1	1377	3114766	3116143	0.0
Scaffolds_55	2434	2494	Scaffolds_55	CP027407.1	83.512	2705	412	31	23038	25721	464731	467422	0.0
Scaffolds_56	1402135	2401	Scaffolds_56	CP022415.1	79.970	3380	579	79	5467	8790	1748413	1751750	0.0
Scaffolds_58	115081	246	Scaffolds_58	XM_033485230.1	77.616	411	88	4	479621	480028	2143	1734	1.79e-57
Scaffolds_59	988812	1727	Scaffolds_59	CP010855.1	76.101	3519	719	108	40341	43787	757041	760509	0.0
Scaffolds_60	400682	320	Scaffolds_60	XM_003382529.2	72.289	1162	276	40	199085	200221	1246	106	5.15e-80
Scaffolds_61	1113728	154	Scaffolds_61	AP014613.1	98.851	87	0	1	23823	23908	358339	358425	7.57e-31
Scaffolds_62	463343	3932	Scaffolds_62	KC869475.1	97.815	2288	32	15	23352	25626	1	2283	0.0
Scaffolds_63	8032	436	Scaffolds_63	LR584427.1	81.688	557	72	28	232771	233300	908801	909354	2.45e-115
Scaffolds_65	1906738	4246	Scaffolds_65	CP017718.1	83.673	4569	682	55	23871	28393	122641	127191	0.0
Scaffolds_69	2605946	5062	Scaffolds_69	CP043621.1	85.626	4849	663	25	1	4832	30678	35509	0.0
Scaffolds_73	264201	3051	Scaffolds_73	BX908798.2	85.560	2964	372	49	166302	169231	2155436	2152495	0.0
Scaffolds_75	83485	224	Scaffolds_75	XM_012366929.1	88.235	187	22	0	51771	51957	153	339	1.34e-51
Scaffolds_77	394805	1631	Scaffolds_77	NR_112620.1	86.597	1537	134	53	48898	50374	1525	1	0.0
Scaffolds_78	1402135	26498	Scaffolds_78	CP022420.1	95.942	16364	618	34	19182	35512	83271	99621	0.0
Scaffolds_79	1245526	1844	Scaffolds_79	LT629780.1	78.449	2979	532	88	990	3911	1341276	1338351	0.0
Scaffolds_80	396588	1284	Scaffolds_80	CP001339.1	75.216	3131	561	165	282069	285074	2448690	2451730	0.0
Scaffolds_81	585455	2098	Scaffolds_81	AP018052.1	76.171	4356	827	169	269411	273648	76034	71772	0.0
Scaffolds_82	2708301	2494	Scaffolds_82	CP048711.1	81.047	3208	540	63	9817	12982	1414708	1411527	0.0
Scaffolds_83	136037	289	Scaffolds_83	XM_022063226.1	74.093	799	164	35	111573	112349	138	915	8.35e-71
Scaffolds_84	2708301	1472	Scaffolds_84	CP048711.1	77.666	2485	509	40	440027	442485	909406	906942	0.0
Scaffolds_92	93162	195	Scaffolds_92	XM_027945232.1	83.105	219	31	6	16154	16369	1444	1659	1.43e-42
Scaffolds_93	2558175	2593	Scaffolds_93	AP019701.1	78.189	4374	738	178	148518	152747	743609	747910	0.0
Scaffolds_94	1906738	3794	Scaffolds_94	CP017718.1	79.546	5549	956	147	4511	9936	2945906	2940414	0.0
Scaffolds_96	103695	191	Scaffolds_96	XM_020780554.1	78.176	307	61	6	892951	893254	642	339	9.74e-41
Scaffolds_97	2587864	1733	Scaffolds_97	CP045344.1	73.074	5478	1246	203	9352	14666	5366243	5371654	0.0
Scaffolds_98	103695	414	Scaffolds_98	XM_020779684.1	75.573	872	195	16	374225	375086	918	55	2.86e-108
Scaffolds_99	8032	448	Scaffolds_99	LR584427.1	82.418	546	65	27	474438	474961	908804	909340	2.16e-118
Scaffolds_100	163232	255	Scaffolds_100	AB511881.1	89.706	204	16	3	68034	68232	6340	6137	8.94e-61
Scaffolds_101	77133	2100	Scaffolds_101	JX206595.1	92.906	1466	71	30	1788761	1790197	1462	1	0.0
Scaffolds_102	301	185	Scaffolds_102	LR130779.1	77.469	324	63	9	3507	3824	3162660	3162979	2.73e-41
Scaffolds_103	287	1334	Scaffolds_103	CP046602.1	76.419	2642	521	77	449364	451950	129050	131644	0.0
Scaffolds_104	396588	1574	Scaffolds_104	CP001339.1	76.247	3187	630	108	288050	291165	1058135	1055005	0.0
Scaffolds_105	463343	4229	Scaffolds_105	KC869475.1	97.548	2488	31	21	114572	117035	1	2482	0.0
Scaffolds_106	41447	250	Scaffolds_106	XM_022759575.1	75.660	530	113	14	1168622	1169143	936	1457	2.84e-58
Scaffolds_108	2675054	254	Scaffolds_108	AP021889.1	74.332	674	137	32	3233	3876	2291044	2291711	3.73e-61
Scaffolds_111	161013	226	Scaffolds_111	XM_034396744.1	71.132	1060	266	37	108527	109566	5312	4273	1.13e-51
Scaffolds_112	2605946	5062	Scaffolds_112	CP043621.1	85.626	4849	663	25	186221	191052	30678	35509	0.0
Scaffolds_123	94885	176	Scaffolds_123	XM_034414673.1	79.310	261	47	7	93505	93762	603	859	3.46e-36
Scaffolds_125	53408	2414	Scaffolds_125	CP015878.1	75.675	5110	1095	126	212614	217652	854669	849637	0.0
Scaffolds_127	2686361	3487	Scaffolds_127	CP047026.1	81.687	4303	687	67	14	4278	3965833	3970072	0.0
Scaffolds_128	80866	1253	Scaffolds_128	CP019171.1	81.647	1542	253	26	145852	147369	3955723	3954188	0.0
Scaffolds_132	765952	152	Scaffolds_132	FR872580.1	97.753	89	1	1	6243	6330	1053284	1053372	4.19e-30
Scaffolds_133	1229727	1136	Scaffolds_133	CP014796.1	82.410	1336	204	28	49376	50693	3334976	3333654	0.0
Scaffolds_134	192	1816	Scaffolds_134	CP032348.1	75.987	3852	737	151	26658	30393	243340	247119	0.0
Scaffolds_135	281732	327	Scaffolds_135	AY494847.1	87.031	293	35	3	567137	567426	622	914	6.40e-82
Scaffolds_136	2708301	2778	Scaffolds_136	CP048711.1	79.868	3939	681	89	637560	641415	2982627	2986536	0.0
Scaffolds_137	289074	540	Scaffolds_137	AM392283.1	78.220	854	178	8	514518	515367	1028	179	6.79e-146
Scaffolds_139	463344	289	Scaffolds_139	JQ922427.1	89.868	227	20	3	44545	44769	359	584	2.45e-71
Scaffolds_140	7260	928	Scaffolds_140	XM_023175382.1	85.714	889	115	11	131475	132355	356	1240	0.0
Scaffolds_142	680683	161	Scaffolds_142	XM_013333384.1	83.626	171	28	0	75196	75366	1289	1119	3.06e-32
Scaffolds_143	2027405	1406	Scaffolds_143	CP022958.1	76.325	2792	566	80	288145	290886	1852227	1854973	0.0
Scaffolds_144	426117	1131	Scaffolds_144	CP000943.1	84.396	1192	143	37	106658	107816	424281	423100	0.0
Scaffolds_145	2587855	45325	Scaffolds_145	CP045373.1	94.813	29150	1373	114	124525	153567	228527	199410	0.0
Scaffolds_146	8032	702	Scaffolds_146	LR584427.1	80.781	973	124	55	1902719	1903649	908866	909817	0.0
Scaffolds_147	2605946	3003	Scaffolds_147	CP027665.1	78.179	4899	938	119	105627	110437	1357967	1353112	0.0
Scaffolds_148	331113 	883	Scaffolds_148	FR872582.1	77.445	1503	324	15	63220	64712	1578033	1576536	0.0
Scaffolds_149	86473	950	Scaffolds_149	HF954163.1	95.222	607	17	10	74705	75299	30532	31138	0.0
Scaffolds_150	400682	320	Scaffolds_150	XM_003382529.2	72.289	1162	276	40	1648233	1649369	1246	106	1.96e-79
Scaffolds_158	8868	750	Scaffolds_158	XM_035550497.1	75.717	1569	342	36	36194	37740	5872	7423	0.0
Scaffolds_159	400682	324	Scaffolds_159	XM_019999089.1	76.160	625	143	6	210415	211036	2201	1580	3.40e-81
Scaffolds_160	400682	453	Scaffolds_160	XM_020007091.1	83.851	483	71	5	494941	495419	1666	1187	6.35e-120
Scaffolds_162	1605891	671	Scaffolds_162	CP029843.1	76.682	1278	256	37	35564	36817	3788777	3787518	0.0
Scaffolds_164	1149133	1157	Scaffolds_164	AP014862.1	77.502	2018	394	49	94087	96067	5087622	5085628	0.0
Scaffolds_165	585455	2098	Scaffolds_165	AP018052.1	76.171	4356	827	169	269411	273648	76034	71772	0.0
Scaffolds_169	2434	3193	Scaffolds_169	CP027407.1	78.802	4925	917	93	72224	77095	190714	185864	0.0
Scaffolds_174	9823	420	Scaffolds_174	NM_213973.2	77.315	745	147	17	398591	399323	749	1483	9.94e-110
Scaffolds_175	376489	479	Scaffolds_175	CP015243.1	75.277	1084	227	32	53187	54248	3795916	3794852	1.19e-128
Scaffolds_181	75913	267	Scaffolds_181	LM524979.1	80.556	360	58	8	1222790	1223141	304755	305110	2.62e-63
Scaffolds_183	1906738	3297	Scaffolds_183	CP017718.1	83.020	3669	593	27	8675	12320	2437995	2441656	0.0
Scaffolds_184	1229727	3422	Scaffolds_184	CP014796.1	81.658	4247	666	93	954234	958403	737475	741685	0.0
Scaffolds_188	1972068	1437	Scaffolds_188	AP018724.1	79.565	2070	378	43	365277	367321	2160655	2162704	0.0
Scaffolds_189	1917485	22663	Scaffolds_189	CP018080.1	90.152	17466	1653	60	65220	82636	17910	35357	0.0
Scaffolds_190	2587842	931	Scaffolds_190	CP045420.1	77.020	1745	326	68	13919	15622	1726597	1724887	0.0
Scaffolds_191	163232	1114	Scaffolds_191	AB511881.1	92.125	800	48	13	297598	298388	6473	5680	0.0
Scaffolds_192	86045	603	Scaffolds_192	AF100948.1	91.762	437	31	5	11778	12211	8	442	3.72e-165
Scaffolds_193	7029	143	Scaffolds_193	XM_001950399.5	74.468	329	84	0	99293	99621	498	826	2.03e-26
Scaffolds_195	139825	171	Scaffolds_195	XM_027761172.1	78.229	271	56	3	287588	287856	40	309	9.10e-35
Scaffolds_196	225164	185	Scaffolds_196	XM_009045698.1	77.636	313	64	5	524274	524583	378	69	2.05e-39
Scaffolds_197	557760	2300	Scaffolds_197	CP001150.1	82.763	2628	406	43	331273	333874	102374	99768	0.0
Scaffolds_200	7493	577	Scaffolds_200	XM_014366863.2	75.380	1251	278	29	63602	64836	611	1847	6.15e-157
Scaffolds_207	1850252	486	Scaffolds_207	CP018155.1	74.871	1162	247	43	2981	4119	754492	755631	2.50e-131
Scaffolds_209	6850	287	Scaffolds_209	XM_013929622.2	77.572	486	101	7	115155	115635	853	371	3.48e-70
Scaffolds_211	6063	496	Scaffolds_211	MN339472.1	80.000	680	129	7	280297	280972	1737	1061	1.36e-132
Scaffolds_214	1871037	1559	Scaffolds_214	CP046177.1	77.273	2728	573	39	817	3524	3305921	3308621	0.0
Scaffolds_216	1402135	1742	Scaffolds_216	CP054599.1	82.511	2007	330	20	19408	21403	848216	846220	0.0
Scaffolds_217	1336804 	1267	Scaffolds_217	LT629794.1	74.294	3256	720	103	39	3228	579361	582565	0.0
Scaffolds_219	861768	182	Scaffolds_219	LR778265.1	85.227	176	26	0	274396	274571	11018769	11018594	1.40e-38
Scaffolds_224	2652724	172	Scaffolds_224	XM_021036671.2	80.087	231	46	0	604116	604346	1797	1567	2.90e-35
Scaffolds_225	2614442	1330	Scaffolds_225	CP058247.1	76.858	2476	499	64	225442	227872	556434	558880	0.0
Scaffolds_226	1826607	2394	Scaffolds_226	CP034588.1	79.553	3487	610	88	1893	5316	854156	857602	0.0
Scaffolds_227	86045	1297	Scaffolds_227	AF100948.1	91.441	958	63	6	45107	46045	8	965	0.0
Scaffolds_231	287	2071	Scaffolds_231	CP053113.1	76.439	4100	805	126	57617	61613	4776513	4772472	0.0
Scaffolds_232	1898112	1123	Scaffolds_232	CP030885.1	77.644	1995	349	74	1	1918	4349762	4347788	0.0
Scaffolds_233	1906738	5330	Scaffolds_233	CP017718.1	79.907	7510	1315	161	5196	12553	2192259	2199726	0.0
Scaffolds_234	2708301	1162	Scaffolds_234	CP048711.1	74.875	2798	584	102	68273	71006	3472365	3475107	0.0
Scaffolds_235	2033869	3435	Scaffolds_235	CP023548.1	81.590	4264	688	79	80114	84310	391103	386870	0.0
Scaffolds_236	323261	1480	Scaffolds_236	CP000127.1	79.385	2178	389	52	235026	237162	484950	482792	0.0
Scaffolds_237	2605946	5062	Scaffolds_237	CP043621.1	85.626	4849	663	25	9391	14222	30678	35509	0.0
Scaffolds_240	353	1260	Scaffolds_240	CP011835.1	85.584	1207	169	5	110698	111900	798024	796819	0.0
Scaffolds_241	1609966	767	Scaffolds_241	CP010870.1	75.128	1753	377	56	6195	7918	93065	94787	0.0
Scaffolds_245	456	268	Scaffolds_245	LR134383.1	76.608	513	104	15	4562	5061	3036055	3035546	1.30e-65
Scaffolds_248	2233999	139	Scaffolds_248	CP030265.1	76.894	264	50	9	13468	13725	4582666	4582408	1.96e-26
Scaffolds_249	106734	287	Scaffolds_249	XM_032778503.1	76.125	578	121	17	933141	933710	406	974	1.59e-69
Scaffolds_251	48498	1079	Scaffolds_251	XM_020746641.1	83.741	1144	183	3	501582	502723	288	1430	0.0
Scaffolds_253	7741	407	Scaffolds_253	XM_019787348.1	84.504	413	62	2	111580	111991	16	427	5.66e-106
Scaffolds_259	1891787	2551	Scaffolds_259	CP048788.1	79.028	3805	739	56	97800	101566	2563854	2560071	0.0
Scaffolds_262	53408	1105	Scaffolds_262	CP015878.1	80.605	1454	262	18	45850	47293	6220007	6218564	0.0
Scaffolds_263	1906738	3031	Scaffolds_263	CP017718.1	78.364	5024	843	202	1	4820	1358365	1353382	0.0
Scaffolds_264	1050221	608	Scaffolds_264	CP003798.1	73.137	1865	436	61	4982	6799	1047966	1049812	8.33e-168
Scaffolds_267	1774273	1356	Scaffolds_267	CP017477.1	77.714	2266	471	31	19339	21578	134324	136581	0.0
Scaffolds_268	1906738	5177	Scaffolds_268	CP017718.1	79.735	7407	1300	173	3682	10929	1454333	1446969	0.0
Scaffolds_273	1906738	2833	Scaffolds_273	CP017718.1	76.752	5321	1085	133	709	5923	3078139	3072865	0.0
Scaffolds_274	1349785	887	Scaffolds_274	LT634361.1	78.467	1370	286	7	13098	14461	262134	263500	0.0
Scaffolds_275	96344	405	Scaffolds_275	CP038636.1	78.378	666	115	24	1819	2463	209905	209248	2.53e-107
Scaffolds_277	94132	148	Scaffolds_277	CP010951.1	79.621	211	40	3	11179	11387	702895	703104	1.25e-29
Scaffolds_278	7574	603	Scaffolds_278	XM_013565274.1	73.952	1574	374	33	454488	456041	1839	282	4.44e-165
Scaffolds_279	1906738	6900	Scaffolds_279	CP017718.1	77.985	11506	2192	297	9115	20371	2706948	2718361	0.0
Scaffolds_280	1906738	2017	Scaffolds_280	CP017718.1	81.695	2502	387	65	19410	21850	383248	385739	0.0
Scaffolds_285	1871037	765	Scaffolds_285	CP046177.1	76.178	1507	328	28	1577	3066	1629872	1628380	0.0
Scaffolds_286	1906738	2309	Scaffolds_286	CP017718.1	85.190	2262	322	13	3852	6104	2790171	2792428	0.0
Scaffolds_288	389348	204	Scaffolds_288	LN879502.1	91.026	156	6	4	12882	13033	2625158	2625309	2.33e-46
Scaffolds_290	1906738	4913	Scaffolds_290	CP017718.1	84.143	5146	740	71	8070	13153	1610863	1615994	0.0
Scaffolds_298	1906738	617	Scaffolds_298	CP017718.1	85.406	603	78	8	586	1181	3525045	3524446	2.53e-171
Scaffolds_299	996801	972	Scaffolds_299	CP019337.1	74.014	2509	598	47	5631	8107	3458112	3460598	0.0
Scaffolds_300	390379	187	Scaffolds_300	LR722981.1	81.982	222	38	2	250223	250443	39984231	39984011	4.41e-40
Scaffolds_302	1712261	281	Scaffolds_302	CP051630.1	74.041	782	162	39	12405	13165	2563296	2564057	1.33e-69
Scaffolds_305	1906738	1596	Scaffolds_305	CP017718.1	85.630	1531	206	13	11492	13012	445882	444356	0.0
Scaffolds_306	2681310	726	Scaffolds_306	CP046565.1	75.238	1680	338	65	54317	55952	513556	515201	0.0
Scaffolds_307	1871037	828	Scaffolds_307	CP031964.1	86.140	772	101	5	1348	2115	1044439	1043670	0.0
Scaffolds_309	1906738	3825	Scaffolds_309	CP017718.1	78.078	6368	1179	187	6053	12251	115323	109004	0.0
Scaffolds_310	1906738	5570	Scaffolds_310	CP017718.1	81.608	6954	1078	167	1	6781	3461260	3468185	0.0
Scaffolds_313	151783	534	Scaffolds_313	CP043441.1	73.256	1720	359	85	23330	24986	1751509	1749828	9.60e-146
Scaffolds_314	2740164	331	Scaffolds_314	CP054689.1	73.159	1073	229	51	1535	2571	1938875	1939924	3.11e-85
Scaffolds_315	1906738	3404	Scaffolds_315	CP017718.1	82.377	3972	643	53	10104	14035	1536037	1539991	0.0
Scaffolds_316	313598	1452	Scaffolds_316	CP004349.1	73.476	4166	975	102	988	5076	2738708	2742820	0.0
Scaffolds_320	1810504	560	Scaffolds_320	CP014671.1	75.173	1297	266	48	14569	15830	702517	703792	1.42e-153
Scaffolds_322	83485	224	Scaffolds_322	XM_012366929.1	88.235	187	22	0	51771	51957	153	339	1.34e-51
Scaffolds_325	2686457	590	Scaffolds_325	MN698241.1	77.102	1118	195	52	2291	3373	18216	19307	3.49e-163
Scaffolds_326	77133	2540	Scaffolds_326	KT952664.1	97.092	1513	33	10	144917	146418	1513	1	0.0
Scaffolds_328	1211326	348	Scaffolds_328	CP020104.1	73.835	944	218	28	28446	29370	3163038	3163971	1.86e-89
Scaffolds_329	2605946	1144	Scaffolds_329	CP027665.1	82.300	1339	220	16	2030	3359	1022353	1023683	0.0
Scaffolds_337	1906738	3389	Scaffolds_337	CP017718.1	81.754	4116	696	37	1020	5089	1474103	1478209	0.0
Scaffolds_340	1906738	4700	Scaffolds_340	CP017718.1	81.197	5967	1010	101	22	5895	1318061	1324008	0.0
Scaffolds_341	2725477	652	Scaffolds_341	AP023189.1	77.329	1138	236	18	181	1302	1455093	1456224	0.0
Scaffolds_342	754397	2412	Scaffolds_342	CP019331.1	76.904	4516	881	120	19984	24387	2282007	2277542	0.0
Scaffolds_343	1042878	309	Scaffolds_343	CP002879.1	74.450	818	161	46	3323	4108	655224	654423	1.25e-78
Scaffolds_344	2500532	520	Scaffolds_344	CP034814.1	74.677	1240	281	31	3230	4444	1932	3163	2.23e-141
Scaffolds_345	1841481	180	Scaffolds_345	XM_023419610.1	85.143	175	26	0	128435	128609	926	752	3.06e-38
Scaffolds_346	2358479	1225	Scaffolds_346	CP032548.1	75.461	2657	577	61	5923	8530	515182	512552	0.0
Scaffolds_348	2708301	2778	Scaffolds_348	CP048711.1	79.868	3939	681	89	637560	641415	2982627	2986536	0.0
Scaffolds_349	2052176	861	Scaffolds_349	CP058704.1	73.579	2392	560	66	9003	11343	2678033	2675663	0.0
Scaffolds_350	1906738	974	Scaffolds_350	CP017718.1	81.083	1274	193	38	4323	5554	2958889	2960156	0.0
Scaffolds_351	1862950	3349	Scaffolds_351	CP016093.1	75.164	7932	1552	347	33987	41648	1911198	1918981	0.0
Scaffolds_352	1336804 	1037	Scaffolds_352	LT629794.1	80.849	1342	237	19	10806	12134	2060934	2062268	0.0
Scaffolds_353	2161884	2536	Scaffolds_353	MH327277.1	83.040	2842	437	42	5423	8239	4875	2054	0.0
Scaffolds_359	28104	278	Scaffolds_359	CP050298.1	74.189	709	164	18	13804	14500	161839	162540	9.07e-69
Scaffolds_361	1906738	9046	Scaffolds_361	CP017718.1	78.526	14245	2719	302	9540	23541	417931	432078	0.0
Scaffolds_364	1906738	2209	Scaffolds_364	CP017718.1	82.549	2550	408	34	5538	8060	2051875	2049336	0.0
Scaffolds_369	2587844	857	Scaffolds_369	CP045417.1	74.866	2045	436	66	866	2858	2744131	2742113	0.0
Scaffolds_373	2054173	752	Scaffolds_373	CP024961.1	75.044	1711	381	38	9143	10820	775542	777239	0.0
Scaffolds_374	8032	228	Scaffolds_374	LR584427.1	84.937	239	20	16	71488	71712	909112	908876	4.67e-53
Scaffolds_375	8005	228	Scaffolds_375	XM_035533052.1	83.951	243	33	4	1357194	1357434	873	1111	1.01e-51
Scaffolds_377	1850252	784	Scaffolds_377	CP018155.1	81.263	982	172	9	12651	13622	156465	157444	0.0
Scaffolds_379	1906738	2660	Scaffolds_379	CP017718.1	81.139	3372	588	43	1	3335	2876641	2873281	0.0
Scaffolds_381	1871037	542	Scaffolds_381	CP046177.1	79.224	799	150	14	3859	4647	3595737	3594945	1.22e-148
Scaffolds_383	2303331	717	Scaffolds_383	CP031704.1	77.333	1275	249	37	6987	8239	3423532	3422276	0.0
Scaffolds_384	1906738	1528	Scaffolds_384	CP017718.1	84.270	1583	232	15	1224	2789	1546606	1545024	0.0
Scaffolds_385	2587163	6505	Scaffolds_385	CP040932.1	80.894	8453	1443	148	1043	9379	461137	452741	0.0
Scaffolds_388	1402135	2808	Scaffolds_388	CP054599.1	81.707	3422	579	42	20677	24073	1007204	1010603	0.0
Scaffolds_391	233783	636	Scaffolds_391	GQ330956.1	88.953	516	55	2	243005	243518	516	1	3.30e-175
Scaffolds_393	103695	191	Scaffolds_393	XM_020780554.1	78.176	307	61	6	892951	893254	642	339	9.74e-41
Scaffolds_395	777	178	Scaffolds_395	CP032542.1	77.090	323	64	10	12558	12873	1471957	1472276	8.60e-39
Scaffolds_396	7604	2942	Scaffolds_396	XM_033791710.1	76.464	5719	1171	133	617474	623114	1694	7315	0.0
Scaffolds_397	215358	167	Scaffolds_397	LT972192.1	86.667	150	20	0	50040	50189	20069484	20069335	5.81e-34
Scaffolds_400	1906738	3395	Scaffolds_400	CP017718.1	81.155	4362	707	107	10076	14356	3495135	3499462	0.0
Scaffolds_401	107401	1031	Scaffolds_401	CP020822.1	79.009	1534	302	19	2017	3534	1698147	1696618	0.0
Scaffolds_406	2058133	147	Scaffolds_406	CP025115.1	79.358	218	38	7	27636	27848	2711652	2711867	6.86e-29
Scaffolds_408	756892	193	Scaffolds_408	CP045198.1	80.632	253	45	3	14919	15167	464599	464851	4.98e-43
Scaffolds_413	584609	1365	Scaffolds_413	LT899436.1	76.853	2536	515	58	1	2485	3007539	3005025	0.0
Scaffolds_415	538381	534	Scaffolds_415	CP046908.1	75.374	1202	246	49	6001	7168	1760910	1762095	2.66e-146
Scaffolds_417	1906738	12922	Scaffolds_417	CP017718.1	83.408	14115	2158	161	1619	15582	871412	857331	0.0
Scaffolds_419	2587844	643	Scaffolds_419	CP045417.1	77.859	1093	205	30	11424	12490	2635240	2634159	1.31e-178
Scaffolds_421	2558175	411	Scaffolds_421	AP019701.1	74.099	1193	221	68	31	1157	4776434	4777604	4.01e-109
Scaffolds_427	1906738	3232	Scaffolds_427	CP017718.1	81.417	4036	679	66	1	3982	1902331	1906349	0.0
Scaffolds_435	1906738	3506	Scaffolds_435	CP017718.1	77.956	5870	1115	154	1	5738	86223	92045	0.0
Scaffolds_437	728003	135	Scaffolds_437	CP023664.1	92.708	96	4	3	6668	6760	1703131	1703036	8.95e-26
Scaffolds_438	55567	171	Scaffolds_438	DQ985462.1	83.799	179	29	0	98457	98635	503	325	2.05e-35
Scaffolds_439	754423	758	Scaffolds_439	CP019335.1	78.764	1149	230	11	3509	4653	1488028	1486890	0.0
Scaffolds_440	2358479	1387	Scaffolds_440	CP032548.1	76.698	2592	546	55	5011	7566	3412566	3409997	0.0
Scaffolds_441	398580	281	Scaffolds_441	CP000830.1	76.938	516	105	13	65	571	3233209	3232699	2.45e-70
Scaffolds_443	1255043	2254	Scaffolds_443	CP003989.2	81.595	2934	353	151	5349	8134	3559686	3556792	0.0
Scaffolds_444	2740164	619	Scaffolds_444	CP054689.1	76.720	1177	235	36	550	1706	2615116	2613959	6.94e-172
Scaffolds_445	1906738	7142	Scaffolds_445	CP017718.1	81.817	8651	1443	99	15746	24299	3347801	3356418	0.0
Scaffolds_448	208964	2071	Scaffolds_448	AE004091.2	76.439	4100	805	126	57617	61613	4776444	4772403	0.0
Scaffolds_450	56765	1940	Scaffolds_450	HQ241812.1	91.032	1483	66	52	780	2199	1	1479	0.0
Scaffolds_452	1906738	202	Scaffolds_452	CP017718.1	86.772	189	16	9	4869	5052	1964806	1964622	2.45e-46
Scaffolds_454	2605946   1064	Scaffolds_454	CP027665.1	82.194	1258	204	19	6173	7417	1022352	1023602	0.0
Scaffolds_456	1630141	459	Scaffolds_456	AP014836.1	73.956	1221	280	34	230747	231940	380074	378865	6.32e-122
Scaffolds_457	1715989	675	Scaffolds_457	LN885086.1	77.711	1162	219	30	4752	5880	2784815	2783661	0.0
Scaffolds_458	652103	1280	Scaffolds_458	CP002418.1	82.205	1506	251	16	53461	54952	941992	943494	0.0
Scaffolds_461	1388755	274	Scaffolds_461	LT840186.1	94.444	180	6	4	1	177	661716	661894	4.88e-68
Scaffolds_462	1906738	2970	Scaffolds_462	CP017718.1	82.171	3500	585	36	16748	20218	572209	568720	0.0
Scaffolds_463	538381	891	Scaffolds_463	CP046908.1	78.121	1490	266	53	6275	7714	4275963	4277442	0.0
Scaffolds_464	1774273	540	Scaffolds_464	CP017477.1	72.337	1887	464	46	2478	4342	1962292	1960442	3.95e-148
Scaffolds_466	2738844	381	Scaffolds_466	CP060695.1	77.139	678	142	13	2213	2883	677110	676439	2.35e-100
Scaffolds_467	754397	5854	Scaffolds_467	CP019331.1	84.758	5944	794	99	28929	34799	1324329	1330233	0.0
Scaffolds_470	1479019	872	Scaffolds_470	CP017640.1	81.053	1140	176	33	21107	22216	3265634	3266763	0.0
Scaffolds_471	1660251	176	Scaffolds_471	CP011806.1	72.435	653	145	31	15294	15928	4731123	4731758	3.64e-38
Scaffolds_476	1906738	2519	Scaffolds_476	CP017718.1	78.074	4164	792	105	5546	9624	1851847	1847720	0.0
Scaffolds_479	2303331	254	Scaffolds_479	CP031704.1	75.302	579	117	25	1428	1990	1280685	1280117	1.10e-61
Scaffolds_480	307643	1301	Scaffolds_480	CP059262.1	75.760	2929	517	163	5662	8455	657884	660754	0.0
Scaffolds_481	2740164	2200	Scaffolds_481	CP054689.1	81.220	2966	350	155	61163	64000	2044612	2041726	0.0
Scaffolds_486	1758189	189	Scaffolds_486	CP026412.1	77.955	313	61	8	7111	7417	2360418	2360728	2.38e-42
Scaffolds_487	1081866	383	Scaffolds_487	CP048812.1	74.177	1003	222	32	1155	2140	2768258	2767276	9.32e-101
Scaffolds_488	2587849	773	Scaffolds_488	CP045399.1	75.648	1659	346	51	521	2148	620508	618877	0.0
Scaffolds_489	1906738	8399	Scaffolds_489	CP017718.1	82.770	9646	1439	187	1	9489	2380876	2371297	0.0
Scaffolds_490	1407071	241	Scaffolds_490	CP015110.1	80.422	332	52	13	13312	13635	1877583	1877257	2.65e-57
Scaffolds_493	1415629	291	Scaffolds_493	CP006853.1	78.867	459	76	18	9229	9669	3883944	3884399	2.04e-72
Scaffolds_497	105219	291	Scaffolds_497	CP011257.1	74.595	740	151	33	9660	10368	1090577	1089844	1.29e-72
Scaffolds_499	1826607	252	Scaffolds_499	CP034588.1	74.408	676	132	34	9222	9874	3595213	3594556	3.62e-61
Scaffolds_501	2070369	4693	Scaffolds_501	CP025815.1	79.063	7064	1308	134	31643	38600	2706511	2699513	0.0
Scaffolds_502	1871037	990	Scaffolds_502	CP046177.1	76.068	1989	426	47	1	1954	525273	523300	0.0
Scaffolds_504	1906738	2756	Scaffolds_504	CP017718.1	79.422	4014	738	78	1257	5214	729885	725904	0.0
Scaffolds_508	1245526	1195	Scaffolds_508	LT629780.1	79.916	1663	306	24	7485	9132	1134071	1132422	0.0
Scaffolds_513	543728	390	Scaffolds_513	CP001635.1	76.162	839	145	47	5446	6243	5135199	5134375	1.83e-102
Scaffolds_515	1906738	7012	Scaffolds_515	CP017718.1	83.344	7715	1160	109	6635	14254	3437938	3445622	0.0
Scaffolds_516	8023	239	Scaffolds_516	XM_029628913.1	81.882	287	49	3	388362	388647	110	394	2.11e-55
Scaffolds_517	1906738	2684	Scaffolds_517	CP017718.1	84.577	2814	316	93	7587	10312	3177660	3180443	0.0
Scaffolds_518	1142394	150	Scaffolds_518	AP012338.1	80.693	202	31	8	5422	5619	895282	895085	7.46e-30
Scaffolds_520	2652724	285	Scaffolds_520	XM_028658657.1	74.259	742	159	27	10639	11361	8442	7714	4.96e-69
Scaffolds_525	1089111	305	Scaffolds_525	NC_023716.1	74.292	848	161	49	9096	9899	39368	38534	3.05e-77
Scaffolds_526	8090	154	Scaffolds_526	CP020667.1	88.889	126	12	2	430871	430995	20258995	20259119	6.18e-30
Scaffolds_534	1737490	508	Scaffolds_534	CP020038.1	71.178	2394	592	91	6544	8878	3753088	3750734	3.57e-138
Scaffolds_537	299321	145	Scaffolds_537	LR535814.1	93.878	98	2	3	38439	38533	285611	285515	1.45e-27
Scaffolds_539	1906738	4724	Scaffolds_539	CP017718.1	81.772	5755	949	91	1383	7065	2806055	2811781	0.0
Scaffolds_541	1349785	1622	Scaffolds_541	LT634361.1	81.776	1948	346	9	3218	5162	2720905	2718964	0.0
Scaffolds_542	1906738	4957	Scaffolds_542	CP017718.1	79.809	6929	1304	86	810	7680	1263006	1256115	0.0
Scaffolds_543	76758	167	Scaffolds_543	CP018049.1	93.694	111	7	0	341	451	1896760	1896650	6.06e-36
Scaffolds_546	2017482	998	Scaffolds_546	CP022303.1	78.208	1652	296	56	4058	5659	4023964	4022327	0.0
Scaffolds_548	1906738	4181	Scaffolds_548	CP017718.1	80.014	5859	1007	134	35	5798	2583115	2577326	0.0
Scaffolds_549	1896175	2026	Scaffolds_549	LT670850.1	75.091	4689	993	144	1473	6071	705849	701246	0.0
Scaffolds_552	1906738	3563	Scaffolds_552	CP017718.1	79.488	5231	907	139	1	5088	298026	292819	0.0
Scaffolds_554	1906738	464	Scaffolds_554	CP017718.1	84.713	471	65	7	7255	7719	369660	369191	3.92e-125
Scaffolds_556	134268	1022	Scaffolds_556	KC869527.1	92.192	730	45	6	11004	11721	2259	1530	0.0
Scaffolds_560	1906738	2021	Scaffolds_560	CP017718.1	79.763	2866	517	55	3	2829	2563120	2565961	0.0
Scaffolds_561	1906738	2047	Scaffolds_561	CP017718.1	80.983	2645	448	44	3357	5961	3543636	3541007	0.0
Scaffolds_562	2233999	433	Scaffolds_562	CP030265.1	74.010	1212	250	53	5749	6909	4718418	4719615	1.63e-115
Scaffolds_563	2587844	496	Scaffolds_563	CP045417.1	75.705	1029	229	21	6874	7890	3351569	3350550	1.32e-134
Scaffolds_565	2738844	630	Scaffolds_565	CP060695.1	74.592	1531	343	41	12722	14221	3207072	3208587	5.74e-175
Scaffolds_567	1871037	704	Scaffolds_567	CP046177.1	76.379	1342	298	16	120	1447	3059041	3060377	0.0
Scaffolds_568	585455	811	Scaffolds_568	AP018052.1	82.213	967	148	19	12143	13090	244986	244025	0.0
Scaffolds_570	2686361	1040	Scaffolds_570	CP047026.1	77.016	1910	380	50	4513	6387	3278616	3280501	0.0
Scaffolds_571	2686363	442	Scaffolds_571	CP047028.1	72.548	1519	360	50	846	2328	2569611	2571108	1.08e-118
Scaffolds_573	2664417	337	Scaffolds_573	CP045919.1	76.948	629	121	23	1969	2583	584640	584022	1.02e-86
Scaffolds_575	266	2521	Scaffolds_575	CP035092.1	90.026	1955	185	10	6908	8856	425516	427466	0.0
Scaffolds_576	1967782	165	Scaffolds_576	LT993738.1	75.942	345	69	11	7005	7341	71038	71376	4.25e-35
Scaffolds_578	1906738	2368	Scaffolds_578	CP017718.1	84.055	2565	297	86	5180	7639	2136234	2138791	0.0
Scaffolds_581	391774	446	Scaffolds_581	CP000527.1	74.455	1147	240	46	2381	3494	2940652	2939526	1.59e-119
Scaffolds_584	45067	490	Scaffolds_584	LT906451.1	71.673	1991	497	54	3872	5829	758923	760879	5.01e-133
Scaffolds_586	2605946	1160	Scaffolds_586	CP027665.1	82.511	1338	219	14	1477	2806	1023682	1022352	0.0
Scaffolds_587	754397	1417	Scaffolds_587	CP019331.1	75.848	2977	613	76	1583	4482	1621514	1618567	0.0
Scaffolds_592	2045208	667	Scaffolds_592	CP024608.1	78.174	1095	206	31	41383	42452	1659073	1660159	0.0
Scaffolds_595	1906738	3766	Scaffolds_595	CP017718.1	78.169	6271	1120	208	16	6111	3586457	3580261	0.0
Scaffolds_597	1906738	7437	Scaffolds_597	CP017718.1	78.794	11544	2103	283	47	11341	3591341	3602788	0.0
Scaffolds_599	305	300	Scaffolds_599	CP022788.1	73.587	867	194	33	6684	7531	2864740	2865590	1.77e-75
Scaffolds_602	1906738	2248	Scaffolds_602	CP017718.1	78.297	3571	717	49	4424	7955	1624467	1628018	0.0
Scaffolds_605	1906738	1934	Scaffolds_605	CP017718.1	76.016	4011	806	134	945	4849	3276593	3280553	0.0
Scaffolds_606	1906738	13439	Scaffolds_606	CP017718.1	80.536	18013	3071	353	24083	41737	809655	827590	0.0
Scaffolds_608	1906738	3690	Scaffolds_608	CP017718.1	78.653	5762	1083	135	3189	8848	1435057	1440773	0.0
Scaffolds_609	48498	1079	Scaffolds_609	XM_020746641.1	83.741	1144	183	3	501582	502723	288	1430	0.0
Scaffolds_612	584609	1037	Scaffolds_612	LT899436.1	78.335	1634	332	20	1192	2811	4161614	4159989	0.0
Scaffolds_614	754397	1522	Scaffolds_614	CP019331.1	78.372	2469	448	61	11185	13595	328214	325774	0.0
Scaffolds_617	104268	1243	Scaffolds_617	CP045192.1	79.254	1822	348	28	2093	3890	129917	128102	0.0
Scaffolds_619	1906738	2828	Scaffolds_619	CP017718.1	82.735	3232	505	47	10390	13577	2634737	2631515	0.0
Scaffolds_620	754423	261	Scaffolds_620	CP019335.1	74.566	633	144	15	2358	2984	1813199	1813820	3.04e-64
Scaffolds_621	2738844	920	Scaffolds_621	CP060695.1	85.995	864	116	5	5265	6124	22524	21662	0.0
Scaffolds_622	2009329	1611	Scaffolds_622	CP021913.1	79.682	2328	400	62	79824	82110	1407602	1405307	0.0
Scaffolds_625	287	442	Scaffolds_625	CP020560.1	74.740	1057	234	30	85936	86968	5007728	5008775	2.00e-117
Scaffolds_627	2290922	455	Scaffolds_627	CP031413.1	73.688	1334	282	53	16239	17528	903680	902372	4.60e-122
Scaffolds_628	1564506	734	Scaffolds_628	CP015039.1	75.529	1606	334	48	1	1581	2754822	2756393	0.0
Scaffolds_629	2559074	381	Scaffolds_629	CP038207.1	73.991	1065	222	49	1694	2731	351018	352054	2.12e-100
Scaffolds_630	1906738	1919	Scaffolds_630	CP017718.1	83.505	2134	275	61	12148	14208	1804380	1802251	0.0
Scaffolds_631	1906738	2798	Scaffolds_631	CP017718.1	83.592	3029	451	41	2950	5941	1572763	1569744	0.0
Scaffolds_634	1917218	416	Scaffolds_634	CP054864.1	71.777	1722	401	69	7651	9313	3209874	3211569	1.73e-110
Scaffolds_635	2587849	340	Scaffolds_635	CP045399.1	72.930	1208	241	78	4917	6063	2209875	2211057	5.13e-88
Scaffolds_638	1871037	529	Scaffolds_638	CP046177.1	72.596	1737	430	42	2282	3992	1186500	1188216	8.70e-145
Scaffolds_642	1906738	817	Scaffolds_642	CP017718.1	74.598	1988	443	52	7904	9858	1266497	1268455	0.0
Scaffolds_644	1529436	931	Scaffolds_644	XM_033248195.1	85.877	878	121	3	1317451	1318326	1281	405	0.0
Scaffolds_645	34506	185	Scaffolds_645	XM_024645910.1	85.795	176	24	1	176552	176726	636	811	1.39e-39
Scaffolds_647	106734	287	Scaffolds_647	XM_032778503.1	76.125	578	121	17	933141	933710	406	974	1.59e-69
Scaffolds_652	2587855	2161	Scaffolds_652	CP045372.1	75.480	4796	980	151	70805	75487	3442124	3437412	0.0
Scaffolds_657	398580	2571	Scaffolds_657	CP000830.1	77.165	4712	892	161	4393	8983	2575356	2570708	0.0
Scaffolds_662	1906738	966	Scaffolds_662	CP017718.1	82.790	1104	169	17	3498	4581	261196	260094	0.0
Scaffolds_664	2026727	664	Scaffolds_664	CP058706.1	74.334	1726	362	75	4487	6150	1385905	1384199	0.0
Scaffolds_668	1906738	3771	Scaffolds_668	CP017718.1	81.224	4852	757	116	13158	17889	3208237	3203420	0.0
Scaffolds_669	1906738	5971	Scaffolds_669	CP017718.1	78.388	9689	1746	283	11011	20428	67843	58232	0.0
Scaffolds_670	2058137	900	Scaffolds_670	CP025119.1	82.715	1024	166	11	1968	2985	2478674	2477656	0.0
Scaffolds_673	266	505	Scaffolds_673	CP035090.1	73.433	1468	340	43	3561	4991	71439	72893	2.67e-137
Scaffolds_674	46731	154	Scaffolds_674	XM_027197244.1	83.636	165	25	1	8466	8628	1081	917	4.83e-31
Scaffolds_675	233783	364	Scaffolds_675	GQ330985.1	90.071	282	27	1	971779	972059	446	727	8.72e-93
Scaffolds_676	323261	1480	Scaffolds_676	CP000127.1	79.385	2178	389	52	235026	237162	484950	482792	0.0
Scaffolds_681	1906738	8924	Scaffolds_681	CP017718.1	86.032	8441	1036	119	2	8323	501179	492763	0.0
Scaffolds_682	233783	196	Scaffolds_682	GQ330998.1	86.517	178	24	0	211960	212137	79	256	7.05e-43
Scaffolds_685	1906738	6791	Scaffolds_685	CP017718.1	83.090	7605	1146	107	7501	15004	205731	198166	0.0
Scaffolds_689	518	139	Scaffolds_689	LR134480.1	80.000	195	34	5	13201	13392	109078	108886	5.05e-27
Scaffolds_691	93162	195	Scaffolds_691	XM_027945232.1	83.105	219	31	6	16154	16369	1444	1659	1.43e-42
Scaffolds_692	1392877	900	Scaffolds_692	LT629751.1	75.486	2007	404	76	7455	9411	596291	594323	0.0
Scaffolds_696	1906738	4776	Scaffolds_696	CP017718.1	78.384	7735	1406	230	3336	10848	3040351	3032661	0.0
Scaffolds_698	50429	292	Scaffolds_698	XM_022930973.1	75.037	673	147	15	85355	86018	1006	346	7.94e-72
Scaffolds_699	1906738	7343	Scaffolds_699	CP017718.1	78.422	12031	2063	429	187	11776	2779170	2767232	0.0
Scaffolds_703	755732	147	Scaffolds_703	CP002542.1	74.294	354	87	4	3375	3726	549246	548895	7.77e-30
Scaffolds_704	1709477	4329	Scaffolds_704	CP034835.1	82.442	5906	135	632	1	5017	1485296	1491188	0.0
Scaffolds_705	313598	405	Scaffolds_705	CP004349.1	76.312	781	171	14	2356	3126	573795	573019	1.88e-107
Scaffolds_707	584609	699	Scaffolds_707	LT899436.1	73.535	2048	455	69	275	2266	912363	914379	0.0
Scaffolds_708	1906738	5936	Scaffolds_708	CP017718.1	80.110	8165	1467	140	2960	11003	1384652	1376524	0.0
Scaffolds_710	158456	150	Scaffolds_710	LR132024.3	86.232	138	19	0	308835	308972	6102860	6102997	2.19e-28
Scaffolds_711	104268	1057	Scaffolds_711	CP045192.1	80.999	1342	245	6	6572	7904	3120135	3121475	0.0
Scaffolds_712	1192162	671	Scaffolds_712	LT607802.1	79.093	1014	183	27	2559	3555	3194155	3195156	0.0
Scaffolds_716	2599600	1057	Scaffolds_716	CP042301.2	75.311	2495	466	113	3776	6150	4735191	4732727	0.0
Scaffolds_717	1871037	1653	Scaffolds_717	CP031964.1	80.216	2224	423	17	5342	7555	3193123	3195339	0.0
Scaffolds_718	1790137	963	Scaffolds_718	CP014224.1	78.965	1488	257	40	6882	8346	426653	428107	0.0
Scaffolds_721	1906738	1037	Scaffolds_721	CP017718.1	86.681	946	112	13	1	934	3211948	3212891	0.0
Scaffolds_722	1336804 	761	Scaffolds_722	LT629794.1	77.304	1313	285	12	3248	4552	1418529	1417222	0.0
Scaffolds_723	1906738	2758	Scaffolds_723	CP017718.1	82.822	3161	466	58	3804	6916	2407218	2410349	0.0
Scaffolds_726	1131000 	1914	Scaffolds_726	JQ085816.1	84.550	2000	236	58	36989	38923	7440	9431	0.0
Scaffolds_727	1906738	8159	Scaffolds_727	CP017718.1	77.877	13556	2717	254	1	13365	2004000	1990536	0.0
Scaffolds_728	1081866	427	Scaffolds_728	CP048812.1	74.012	1189	247	51	16	1170	1527890	1529050	8.45e-114
Scaffolds_730	996801	3059	Scaffolds_730	CP019337.1	79.369	4498	813	92	6481	10910	2710023	2705573	0.0
Scaffolds_731	313598	7502	Scaffolds_731	CP004349.1	92.728	5267	271	93	1830	7034	2961099	2955883	0.0
Scaffolds_733	400682	171	Scaffolds_733	XM_020001602.1	82.723	191	33	0	110567	110757	1384	1194	1.55e-35
Scaffolds_734	1336804 	399	Scaffolds_734	LT629794.1	75.027	917	202	24	4702	5605	219682	218780	1.16e-105
Scaffolds_736	396588	784	Scaffolds_736	CP001339.1	81.421	985	159	22	3092	4058	3062267	3063245	0.0
Scaffolds_739	1881	324	Scaffolds_739	LT607411.1	75.350	714	155	19	185	883	1548357	1547650	4.86e-83
Scaffolds_740	329 	191	Scaffolds_740	CP023537.1	82.805	221	31	7	1289	1505	921805	922022	4.09e-43
Scaffolds_742	1248727	405	Scaffolds_742	AP012978.1	71.866	1827	382	114	97990	99743	1625127	1626894	2.71e-106
Scaffolds_744	113540	987	Scaffolds_744	XM_018755348.2	76.409	1899	406	36	378151	380026	1985	106	0.0
Scaffolds_746	307959	220	Scaffolds_746	XM_016513896.1	82.661	248	43	0	494488	494735	4248	4495	1.54e-49
Scaffolds_748	1076	167	Scaffolds_748	CP058907.1	76.378	381	48	33	7643	7984	3823904	3823527	1.65e-35
Scaffolds_749	1906738	2939	Scaffolds_749	CP017718.1	80.701	3881	663	66	3914	7728	742419	738559	0.0
Scaffolds_752	777	584	Scaffolds_752	CP014561.1	77.135	1054	211	25	3581	4610	1470384	1469337	7.56e-161
Scaffolds_753	1906738	3144	Scaffolds_753	CP017718.1	78.817	4886	877	136	1	4768	3011679	3006834	0.0
Scaffolds_755	331113 	135	Scaffolds_755	FR872582.1	97.500	80	1	1	13914	13992	70672	70751	7.35e-26
Scaffolds_757	2547598	169	Scaffolds_757	CP037934.1	83.889	180	25	4	133	308	1969867	1970046	8.31e-36
Scaffolds_758	223781	148	Scaffolds_758	LR606188.1	95.699	93	3	1	140833	140925	1781954	1782045	2.15e-28
Scaffolds_759	2358479	1733	Scaffolds_759	CP032548.1	74.963	4030	880	101	3915	7878	241683	245649	0.0
Scaffolds_760	217070	1182	Scaffolds_760	AP019702.1	81.690	1491	209	55	27112	28547	4191829	4193310	0.0
Scaffolds_762	1312072	401	Scaffolds_762	CP019334.1	71.527	1749	423	68	3617	5324	2492155	2493869	3.18e-106
Scaffolds_763	754397	1744	Scaffolds_763	CP019331.1	82.861	1978	306	22	9574	11537	4621	2663	0.0
Scaffolds_766	2052176	684	Scaffolds_766	CP058704.1	74.635	1644	368	44	6751	8368	2049224	2050844	0.0
Scaffolds_767	96561	791	Scaffolds_767	CP000859.1	73.984	2141	474	71	1499	3601	2714353	2712258	0.0
Scaffolds_769	104268	1140	Scaffolds_769	CP045192.1	80.026	1562	295	14	484	2033	2810330	2808774	0.0
Scaffolds_773	2558175	479	Scaffolds_773	AP019701.1	72.120	1736	435	45	12	1721	1741637	1739925	1.20e-128
Scaffolds_774	85402	145	Scaffolds_774	CP015030.1	78.243	239	43	9	3088	3320	75309	75074	3.62e-29
Scaffolds_777	1871037	1349	Scaffolds_777	CP046177.1	80.376	1809	327	23	2	1791	1166522	1164723	0.0
Scaffolds_778	1906738	6652	Scaffolds_778	CP017718.1	79.698	9531	1687	215	4687	14019	2107466	2116946	0.0
Scaffolds_780	2605946	826	Scaffolds_780	CP027665.1	81.610	1006	178	7	3965	4966	1023680	1022678	0.0
Scaffolds_784	1871037	1378	Scaffolds_784	CP046177.1	75.303	3057	664	76	3201	6197	154262	157287	0.0
Scaffolds_785	2738844	3720	Scaffolds_785	CP060695.1	76.780	6968	1419	159	21833	28670	3067042	3060144	0.0
Scaffolds_786	1871037	1868	Scaffolds_786	CP046177.1	79.893	2606	479	33	14237	16806	4067875	4070471	0.0
Scaffolds_787	303	532	Scaffolds_787	CP046872.1	76.237	1132	195	64	1975	3045	5763401	5762283	2.55e-145
Scaffolds_788	1906738	1958	Scaffolds_788	CP017718.1	82.724	2217	368	15	4768	6972	3267061	3264848	0.0
Scaffolds_789	2202826	211	Scaffolds_789	CP029552.1	74.457	552	111	28	7613	8141	3213342	3212798	5.15e-49
Scaffolds_790	321662	287	Scaffolds_790	LT629788.1	78.125	480	85	18	3528	3994	1359860	1360332	7.59e-72
Scaffolds_792	1906738	2734	Scaffolds_792	CP017718.1	74.903	6451	1391	188	10376	16678	2538100	2544470	0.0
Scaffolds_793	1906738	150	Scaffolds_793	CP017718.1	76.667	330	41	28	4232	4526	2928058	2928386	6.26e-31
Scaffolds_794	1784714	2124	Scaffolds_794	CP029480.1	90.598	1606	146	5	1	1601	3356795	3355190	0.0
Scaffolds_795	1906738	2658	Scaffolds_795	CP017718.1	79.036	4107	691	142	2	3969	253173	249098	0.0
Scaffolds_801	1906738	4030	Scaffolds_801	CP017718.1	79.153	6001	1119	120	1971	7873	839735	845701	0.0
Scaffolds_802	56455	542	Scaffolds_802	CP043476.1	79.841	754	143	9	4874	5622	3288094	3287345	1.87e-148
Scaffolds_803	2653853	717	Scaffolds_803	CP045118.1	78.224	1171	220	30	8570	9719	2344940	2346096	0.0
Scaffolds_805	1906738	3910	Scaffolds_805	CP017718.1	80.427	5288	903	114	2830	8012	2500390	2505650	0.0
Scaffolds_808	1855336	2180	Scaffolds_808	LT629752.1	78.370	3472	673	56	4636	8048	3753462	3756914	0.0
Scaffolds_809	1906738	5827	Scaffolds_809	CP017718.1	82.343	6830	1093	101	3	6754	2012464	2019258	0.0
Scaffolds_810	135740	209	Scaffolds_810	CP045072.1	81.467	259	45	3	3682	3939	1620331	1620587	2.83e-48
Scaffolds_811	1906738	172	Scaffolds_811	CP017718.1	89.855	138	8	6	5584	5716	2980085	2980221	3.08e-37
Scaffolds_813	303	514	Scaffolds_813	CP014343.1	76.291	1046	201	38	4622	5636	4488724	4487695	2.44e-140
Scaffolds_816	1871037	2226	Scaffolds_816	CP046177.1	76.097	4489	943	111	1	4410	2858093	2853656	0.0
Scaffolds_817	1906738	2287	Scaffolds_817	CP017718.1	79.724	3255	586	56	4426	7628	688383	691615	0.0
Scaffolds_818	381	285	Scaffolds_818	CP033368.1	77.451	510	94	15	930	1434	6393374	6393867	1.21e-71
Scaffolds_820	1906738	4643	Scaffolds_820	CP017718.1	81.292	5837	999	82	5626	11399	3107580	3113386	0.0
Scaffolds_821	483547	244	Scaffolds_821	CP010311.1	74.069	671	140	32	1265	1915	3296253	3295597	2.99e-59
Scaffolds_822	487184	2796	Scaffolds_822	LT629736.1	84.469	2936	348	100	924212	927072	2625852	2622950	0.0
Scaffolds_823	269660	357	Scaffolds_823	CP033231.1	74.481	964	180	57	4851	5763	471380	470432	1.66e-92
Scaffolds_824	1906738	7522	Scaffolds_824	CP017718.1	85.362	7330	998	61	3400	10671	2457763	2465075	0.0
Scaffolds_825	1906738	5670	Scaffolds_825	CP017718.1	81.082	7300	1208	144	1729	8908	2284584	2277338	0.0
Scaffolds_827	331113 	370	Scaffolds_827	FR872582.1	72.492	1236	309	26	207948	209165	2129786	2128564	4.49e-95
Scaffolds_828	1349785	776	Scaffolds_828	LT634361.1	78.409	1232	238	20	13	1223	2434293	2435517	0.0
Scaffolds_829	1850252	147	Scaffolds_829	CP018155.1	82.081	173	30	1	8164	8335	2688186	2688358	1.49e-29
Scaffolds_830	8032	603	Scaffolds_830	LR584427.1	78.435	997	163	42	31922	32893	908864	909833	5.06e-166
Scaffolds_832	1871037	2543	Scaffolds_832	CP046177.1	76.350	4964	1045	111	9341	14228	2104061	2108971	0.0
Scaffolds_836	1712261	357	Scaffolds_836	CP051630.1	73.375	1123	234	51	3063	4142	1510049	1508949	7.50e-93
Scaffolds_837	1714848	348	Scaffolds_837	CP031966.1	85.460	337	46	3	4975	5309	5069356	5069021	2.41e-90
Scaffolds_839	2738844	2224	Scaffolds_839	CP060695.1	73.435	6422	1506	170	4	6311	2055376	2049041	0.0
Scaffolds_840	1367847	226	Scaffolds_840	CP006650.1	76.096	456	96	13	71233	71681	425281	425730	3.82e-52
Scaffolds_842	1850252	1105	Scaffolds_842	CP018155.1	77.999	1809	365	25	1812	3606	2919820	2918031	0.0
Scaffolds_844	1842534	169	Scaffolds_844	CP016450.1	81.818	209	30	6	2874	3076	2848154	2847948	1.31e-35
Scaffolds_847	540747	318	Scaffolds_847	CP031598.1	77.409	633	80	45	20177	20753	3416812	3417437	9.26e-81
Scaffolds_850	1850252	1578	Scaffolds_850	CP018155.1	81.037	2025	346	34	2603	4610	2823487	2825490	0.0
Scaffolds_852	1434214	348	Scaffolds_852	CP006944.1	75.658	760	152	26	37080	37813	1486823	1486071	2.02e-89
Scaffolds_855	2605946	1158	Scaffolds_855	CP027665.1	82.511	1338	216	17	15812	17139	1023680	1022351	0.0
Scaffolds_860	1906738	2187	Scaffolds_860	CP017718.1	78.965	3323	615	73	2794	6043	2648938	2652249	0.0
Scaffolds_863	147645	207	Scaffolds_863	CP020442.2	72.281	754	179	27	4800	5536	2887543	2888283	2.45e-47
Scaffolds_865	1609967	540	Scaffolds_865	CP022134.1	82.243	642	98	15	13	641	847187	846549	3.71e-148
Scaffolds_867	7137	196	Scaffolds_867	XM_031910393.1	85.263	190	28	0	49483	49672	830	641	1.84e-43
Scaffolds_868	7868	427	Scaffolds_868	NM_001292921.1	75.744	874	198	13	332504	333367	217	1086	2.23e-112
Scaffolds_869	1906738	2250	Scaffolds_869	CP017718.1	84.789	2255	327	14	2	2244	29025	31275	0.0
Scaffolds_873	2738844	427	Scaffolds_873	CP060695.1	72.094	1609	387	48	1610	3179	359867	358282	5.37e-114
Scaffolds_874	2419781	405	Scaffolds_874	CP050695.1	74.095	1050	242	27	47451	48476	3051936	3052979	2.79e-106
Scaffolds_875	777	520	Scaffolds_875	CP040059.1	76.181	1058	210	32	5778	6799	1476462	1477513	1.32e-141
Scaffolds_876	1906738	4067	Scaffolds_876	CP017718.1	78.125	6912	1165	280	37278	43944	2087019	2080210	0.0
Scaffolds_877	319939	1437	Scaffolds_877	AP022213.1	75.068	3305	714	95	753561	756787	5420297	5417025	0.0
Scaffolds_878	104268	1749	Scaffolds_878	CP045192.1	77.518	2989	620	46	1298	4253	173716	176685	0.0
Scaffolds_881	1906738	4678	Scaffolds_881	CP017718.1	86.083	4376	578	29	1	4350	157826	162196	0.0
Scaffolds_885	765952	292	Scaffolds_885	FR872580.1	76.268	552	129	2	89907	90457	522911	523461	2.29e-72
Scaffolds_889	2732511	359	Scaffolds_889	CP053418.1	74.148	998	199	49	186	1140	3628196	3629177	2.01e-93
Scaffolds_892	2058137	281	Scaffolds_892	CP025119.1	72.438	1005	234	34	948	1922	2581298	2582289	2.59e-70
Scaffolds_896	880071	161	Scaffolds_896	CP003345.1	77.617	277	55	6	3896	4168	967165	966892	1.00e-33
Scaffolds_899	1906738	5546	Scaffolds_899	CP017718.1	82.002	6645	1089	86	17421	23996	342032	335426	0.0
Scaffolds_901	2054173	499	Scaffolds_901	CP011126.1	73.294	1539	340	59	10220	11704	1549093	1547572	2.51e-135
Scaffolds_906	2358479	355	Scaffolds_906	CP032548.1	75.561	757	166	18	3618	4364	1702139	1702886	1.42e-92
Scaffolds_908	1108595	568	Scaffolds_908	CP022344.1	73.709	1666	348	77	5183	6785	738778	740416	4.53e-156
Scaffolds_909	2605946	1142	Scaffolds_909	CP027665.1	82.349	1337	214	21	11876	13199	1023678	1022351	0.0
Scaffolds_911	1915078	207	Scaffolds_911	CP019437.1	73.529	612	134	22	2	593	3812411	3811808	1.40e-47
Scaffolds_912	2058137	2292	Scaffolds_912	CP025119.1	75.462	5029	1062	139	1435	6364	3098424	3093469	0.0
Scaffolds_915	288004	163	Scaffolds_915	CP018889.2	85.119	168	16	9	6332	6492	2762098	2761933	1.01e-33
Scaffolds_916	264202	172	Scaffolds_916	AP006861.1	75.691	362	79	9	19505	19860	707970	708328	6.86e-37
Scaffolds_917	349163	272	Scaffolds_917	CP000689.1	75.552	589	124	18	35806	36377	71251	70666	1.07e-66
Scaffolds_918	2358479	250	Scaffolds_918	CP032548.1	74.151	677	142	27	714	1375	2163458	2164116	8.63e-61
Scaffolds_919	1871037	1923	Scaffolds_919	CP046177.1	77.645	3270	660	58	1151	4362	903353	906609	0.0
Scaffolds_920	2358479	737	Scaffolds_920	CP032548.1	72.923	2323	556	60	2972	5252	2506149	2508440	0.0
Scaffolds_921	2605946	852	Scaffolds_921	CP027665.1	82.167	1015	160	16	19454	20457	1022367	1023371	0.0
Scaffolds_922	1042878	152	Scaffolds_922	CP002879.1	78.776	245	39	10	8024	8256	655224	654981	3.76e-31
Scaffolds_925	104268	1681	Scaffolds_925	CP045192.1	80.070	2288	437	19	1165	3441	3238399	3236120	0.0
Scaffolds_926	2483033	525	Scaffolds_926	CP033219.1	74.198	1434	290	70	15	1391	1029156	1030566	2.94e-143
Scaffolds_929	2434	2257	Scaffolds_929	CP027407.1	81.274	2825	497	32	23054	25857	893876	891063	0.0
Scaffolds_930	2483033	1079	Scaffolds_930	KC514617.1	74.711	2598	571	74	42	2587	2564	1	0.0
Scaffolds_931	43306	414	Scaffolds_931	CP043626.1	72.798	1419	312	67	1117	2489	4907393	4906003	6.02e-110
Scaffolds_932	53408	172	Scaffolds_932	CP015878.1	75.315	397	79	19	2114	2501	6705084	6705470	1.48e-37
Scaffolds_933	2738844	496	Scaffolds_933	CP060695.1	73.797	1351	312	34	3883	5217	3118853	3117529	1.40e-134
Scaffolds_934	1229205	152	Scaffolds_934	CP003863.1	81.910	199	19	15	10204	10387	1208367	1208563	1.66e-30
Scaffolds_936	2605946	1109	Scaffolds_936	CP027665.1	81.961	1336	215	23	807	2124	1023680	1022353	0.0
Scaffolds_938	1850252	1138	Scaffolds_938	CP018155.1	77.068	2019	435	24	1230	3230	531644	529636	0.0
Scaffolds_939	1906738	3317	Scaffolds_939	CP017718.1	78.241	5400	1018	134	4277	9575	541803	547146	0.0
Scaffolds_940	1826607	3151	Scaffolds_940	CP034588.1	87.593	2837	202	115	1313510	1316209	463637	460814	0.0
Scaffolds_942	287	424	Scaffolds_942	CP050325.1	72.616	1468	337	58	2117	3549	4410625	4409188	3.92e-113
Scaffolds_944	1906738	4460	Scaffolds_944	CP017718.1	77.630	7671	1501	168	430	7954	650296	642695	0.0
Scaffolds_947	2202142	682	Scaffolds_947	CP029554.1	75.958	1435	284	42	40736	42125	3343250	3341832	0.0
Scaffolds_948	1229727	34635	Scaffolds_948	CP014798.1	98.588	19614	221	51	645	20206	67001	86610	0.0
Scaffolds_949	1921087	145	Scaffolds_949	CP018800.1	82.822	163	27	1	11466	11628	1668927	1669088	8.14e-29
Scaffolds_951	1312072	859	Scaffolds_951	CP019334.1	75.806	1831	369	61	11329	13119	3227663	3229459	0.0
Scaffolds_952	353	1260	Scaffolds_952	CP011835.1	85.584	1207	169	5	110698	111900	798024	796819	0.0
Scaffolds_953	1871037	2078	Scaffolds_953	CP046177.1	73.775	5651	1322	136	1396	6958	925716	920138	0.0
Scaffolds_957	2605946	763	Scaffolds_957	CP027665.1	78.076	1341	202	77	2486	3744	1503607	1502277	0.0
Scaffolds_958	1077935	169	Scaffolds_958	CP025430.1	71.875	864	156	74	3449	4252	3876167	3875331	1.78e-36
Scaffolds_961	1891787	2551	Scaffolds_961	CP048788.1	79.028	3805	739	56	97800	101566	2563854	2560071	0.0
Scaffolds_963	996801	643	Scaffolds_963	CP019337.1	74.901	1518	328	40	12747	14218	629056	630566	7.60e-179
Scaffolds_964	996801	1027	Scaffolds_964	CP019337.1	77.771	1750	335	42	1978	3687	266519	268254	0.0
Scaffolds_966	996801	941	Scaffolds_966	CP019337.1	74.842	2210	490	54	6104	8264	515662	517854	0.0
Scaffolds_968	1906738	1814	Scaffolds_968	CP017718.1	75.936	3765	777	114	8	3676	3153432	3149701	0.0
Scaffolds_969	77133	928	Scaffolds_969	KX158606.1	75.506	2025	427	58	11455	13444	32896	34886	0.0
Scaffolds_973	988812	1648	Scaffolds_973	CP010859.1	75.526	3849	681	224	36681	40317	82022	85821	0.0
Scaffolds_974	1906738	6661	Scaffolds_974	CP017718.1	85.349	6491	890	54	7825	14271	3246762	3240289	0.0
Scaffolds_975	754409	521	Scaffolds_975	AP014583.1	74.343	1294	301	23	5884	7160	1067198	1065919	2.85e-142
Scaffolds_976	1871037	785	Scaffolds_976	CP046177.1	74.617	1828	443	21	3643	5458	2432978	2434796	0.0
Scaffolds_981	1945662	5110	Scaffolds_981	CP020612.1	88.280	4326	432	59	138496	142760	210920	215231	0.0
Scaffolds_983	77133	169	Scaffolds_983	KU548534.1	83.889	180	25	4	2759	2936	253	76	3.96e-36
Scaffolds_984	2558175	1572	Scaffolds_984	AP019701.1	78.746	2489	428	84	121520	123949	3508259	3510705	0.0
Scaffolds_986	1906738	3960	Scaffolds_986	CP017718.1	80.221	5430	947	113	2357	7698	3305082	3299692	0.0
Scaffolds_988	1891787	7522	Scaffolds_988	CP048788.1	82.657	8551	1425	56	78505	87021	575032	583558	0.0
Scaffolds_989	754397	1690	Scaffolds_989	CP019331.1	73.896	4597	1036	141	26	4530	2962184	2957660	0.0
Scaffolds_990	349101	3528	Scaffolds_990	CP000577.1	85.514	3417	452	40	9578	12960	1948004	1944597	0.0
Scaffolds_991	584609	1149	Scaffolds_991	LT899436.1	74.378	2892	648	78	5617	8456	3696591	3699441	0.0
Scaffolds_992	1871037	830	Scaffolds_992	CP046177.1	79.316	1228	220	31	10395	11604	699700	700911	0.0
Scaffolds_993	1673076	357	Scaffolds_993	CP022745.1	71.260	1698	406	72	3924	5574	1067656	1069318	6.14e-93
Scaffolds_998	1609967	1094	Scaffolds_998	CP022134.1	76.579	2058	442	39	23512	25547	2465228	2463189	0.0
Scaffolds_1005	996801	1749	Scaffolds_1005	CP019337.1	83.342	1939	278	34	1627	3532	2004725	2002799	0.0
Scaffolds_1011	57480	315	Scaffolds_1011	CP028519.1	78.168	513	99	11	6561	7063	1663020	1663529	4.17e-80
Scaffolds_1013	1906738	4104	Scaffolds_1013	CP017718.1	85.015	4064	579	28	14449	18487	2236075	2240133	0.0
Scaffolds_1014	1110502	695	Scaffolds_1014	CP003236.1	78.962	1079	184	38	7	1048	3424811	3423739	0.0
Scaffolds_1018	1130997	2067	Scaffolds_1018	JQ085822.1	89.739	1647	128	37	425471	427077	19748	18103	0.0
Scaffolds_1019	2686366	176	Scaffolds_1019	CP047030.1	73.735	514	108	21	5358	5846	1893758	1894269	1.39e-38
Scaffolds_1020	1906738	2663	Scaffolds_1020	CP017718.1	78.959	4016	768	69	790	4755	2357722	2353734	0.0
Scaffolds_1022	1906738	3459	Scaffolds_1022	CP017718.1	77.999	5836	1063	175	47	5698	1930299	1936097	0.0
Scaffolds_1023	107401	697	Scaffolds_1023	CP020822.1	76.107	1377	303	22	1132	2496	1647050	1645688	0.0
Scaffolds_1025	1267768	959	Scaffolds_1025	CP019124.1	78.687	1539	256	52	5791	7264	504846	503315	0.0
Scaffolds_1026	2711156	357	Scaffolds_1026	CP049107.1	73.456	1036	239	33	3643	4658	3102298	3101279	4.28e-93
Scaffolds_1029	765912	1077	Scaffolds_1029	CP003051.1	82.288	1276	197	21	37	1286	2198637	2199909	0.0
Scaffolds_1030	82367	272	Scaffolds_1030	CP044426.1	71.371	1481	301	101	5382	6778	342147	343588	2.00e-67
Scaffolds_1031	568768	337	Scaffolds_1031	CP042220.2	74.435	841	187	26	3883	4701	2537845	2538679	9.91e-87
Scaffolds_1032	2109943	3055	Scaffolds_1032	CP049774.1	80.905	4001	654	84	2347	6300	1890768	1894705	0.0
Scaffolds_1033	287	296	Scaffolds_1033	CP034908.2	75.781	640	126	23	5671	6292	430832	431460	1.19e-74
Scaffolds_1038	2358479	1919	Scaffolds_1038	CP032548.1	76.413	3697	788	74	2149	5792	2161776	2158111	0.0
Scaffolds_1040	386614 	979	Scaffolds_1040	XM_033045588.1	82.384	1141	186	14	3070105	3071232	4201	3063	0.0
